<?xml version="1.0" encoding="UTF-8"?>
<testsuites name="laFleurTestSuite" time="8" tests="1" failures="0" errors="0">
   <testsuite name="laFleurTestSuite" tests="1" failures="0" errors="0" time="8" timestamp="2018-10-31 14:45:44" hostname="EricEtElo - DESKTOP-6DR3404" id="Test Suites/laFleurTestSuite">
      <properties>
         <property name="deviceName" value=""/>
         <property name="devicePlatform" value=""/>
         <property name="logFolder" value="D:\\eric\\Travail\\2018-2019\\SLAM5\\tests_katalon\\TestLaFleur\\Reports\\laFleurTestSuite\\20181031_144543"/>
         <property name="logFiles" value="D:\\eric\\Travail\\2018-2019\\SLAM5\\tests_katalon\\TestLaFleur\\Reports\\laFleurTestSuite\\20181031_144543\\execution0.log"/>
         <property name="attachments" value=""/>
         <property name="hostName" value="EricEtElo - DESKTOP-6DR3404"/>
         <property name="os" value="Windows 10 64bit"/>
         <property name="katalonVersion" value="5.8.3.2"/>
         <property name="browser" value="Chrome 69.0.3497.100"/>
         <property name="hostAddress" value="192.168.0.10"/>
         <property name="sessionId" value="abc774ccb72bee05343ce326c9ab0e16"/>
         <property name="seleniumVersion" value="3.7.1"/>
         <property name="proxyInformation" value="ProxyInformation{proxyOption=NO_PROXY, proxyServerType=HTTP, password=, proxyServerAddress=, proxyServerPort=0}"/>
         <property name="platform" value="Windows 10"/>
      </properties>
      <testcase name="Test Cases/TestPageAccueil" classname="Test Cases/TestPageAccueil" status="PASSED">
         <system-out><![CDATA[2018-10-31 14:45:45 - [TEST_CASE][PASSED] - Test Cases/TestPageAccueil: Test Cases/TestPageAccueil

2018-10-31 14:45:45 - [TEST_STEP][PASSED] - openBrowser: Browser is opened with url: ''

2018-10-31 14:45:48 - [MESSAGE][PASSED] - Browser is opened with url: ''

2018-10-31 14:45:48 - [TEST_STEP][PASSED] - navigateToUrl: Navigate to 'http://192.168.0.102/lafleur2011/' successfully

2018-10-31 14:45:49 - [MESSAGE][PASSED] - Navigate to 'http://192.168.0.102/lafleur2011/' successfully

2018-10-31 14:45:49 - [TEST_STEP][PASSED] - verifyElementText: Actual text and expected text of test object 'Object Repository/Page_Lafleur 20111/div_Lafleur le prince des fleu (1)' are matched.

2018-10-31 14:45:49 - [MESSAGE][PASSED] - Actual text and expected text of test object 'Object Repository/Page_Lafleur 20111/div_Lafleur le prince des fleu (1)' are matched.

2018-10-31 14:45:49 - [TEST_STEP][PASSED] - click: Object: 'Object Repository/Page_Lafleur 20111/a_Voir le catalogue de fleurs (1)' is clicked on

2018-10-31 14:45:49 - [MESSAGE][PASSED] - Object: 'Object Repository/Page_Lafleur 20111/a_Voir le catalogue de fleurs (1)' is clicked on

2018-10-31 14:45:49 - [TEST_STEP][PASSED] - delay: Delayed 2 second(s)

2018-10-31 14:45:51 - [MESSAGE][PASSED] - Delayed 2 second(s)

2018-10-31 14:45:51 - [TEST_STEP][PASSED] - verifyElementVisible: Object 'Object Repository/Commande/Page_Lafleur 20111/li_Plantes' is visible

2018-10-31 14:45:51 - [MESSAGE][PASSED] - Object 'Object Repository/Commande/Page_Lafleur 20111/li_Plantes' is visible

2018-10-31 14:45:51 - [TEST_STEP][PASSED] - verifyElementClickable: Object 'Object Repository/Commande/Page_Lafleur 20111/li_Composition' is clickable

2018-10-31 14:45:51 - [MESSAGE][PASSED] - Object 'Object Repository/Commande/Page_Lafleur 20111/li_Composition' is clickable

2018-10-31 14:45:51 - [TEST_STEP][PASSED] - verifyElementText: Actual text and expected text of test object 'Object Repository/Commande/Page_Lafleur 20111/li_Fleurs' are matched.

2018-10-31 14:45:51 - [MESSAGE][PASSED] - Actual text and expected text of test object 'Object Repository/Commande/Page_Lafleur 20111/li_Fleurs' are matched.

2018-10-31 14:45:51 - [TEST_STEP][PASSED] - click: Object: 'Object Repository/Commande/Page_Lafleur 20111/li_Fleurs' is clicked on

2018-10-31 14:45:51 - [MESSAGE][PASSED] - Object: 'Object Repository/Commande/Page_Lafleur 20111/li_Fleurs' is clicked on

2018-10-31 14:45:51 - [TEST_STEP][PASSED] - click: Object: 'Object Repository/Commande/Page_Lafleur 20111/img_mayotte' is clicked on

2018-10-31 14:45:51 - [MESSAGE][PASSED] - Object: 'Object Repository/Commande/Page_Lafleur 20111/img_mayotte' is clicked on

2018-10-31 14:45:51 - [TEST_STEP][PASSED] - click: Object: 'Object Repository/Page_Lafleur 20111/img' is clicked on

2018-10-31 14:45:51 - [MESSAGE][PASSED] - Object: 'Object Repository/Page_Lafleur 20111/img' is clicked on

2018-10-31 14:45:51 - [TEST_STEP][PASSED] - click: Object: 'Object Repository/Page_Lafleur 20111/a_Voir son panier' is clicked on

2018-10-31 14:45:51 - [MESSAGE][PASSED] - Object: 'Object Repository/Page_Lafleur 20111/a_Voir son panier' is clicked on

2018-10-31 14:45:51 - [TEST_STEP][PASSED] - click: Object: 'Object Repository/Page_Lafleur 20111/img_1' is clicked on

2018-10-31 14:45:51 - [MESSAGE][PASSED] - Object: 'Object Repository/Page_Lafleur 20111/img_1' is clicked on

2018-10-31 14:45:51 - [TEST_STEP][PASSED] - setText: Text 'ROBERT Jean' is set on object 'Object Repository/Page_Lafleur 20111/input_Nom Prnom_nom'

2018-10-31 14:45:52 - [MESSAGE][PASSED] - Text 'ROBERT Jean' is set on object 'Object Repository/Page_Lafleur 20111/input_Nom Prnom_nom'

2018-10-31 14:45:52 - [TEST_STEP][PASSED] - setText: Text 'Rue du four' is set on object 'Object Repository/Page_Lafleur 20111/input_rue_rue'

2018-10-31 14:45:52 - [MESSAGE][PASSED] - Text 'Rue du four' is set on object 'Object Repository/Page_Lafleur 20111/input_rue_rue'

2018-10-31 14:45:52 - [TEST_STEP][PASSED] - setText: Text '55000' is set on object 'Object Repository/Page_Lafleur 20111/input_code postal_cp'

2018-10-31 14:45:52 - [MESSAGE][PASSED] - Text '55000' is set on object 'Object Repository/Page_Lafleur 20111/input_code postal_cp'

2018-10-31 14:45:52 - [TEST_STEP][PASSED] - setText: Text 'PARIS' is set on object 'Object Repository/Page_Lafleur 20111/input_ville_ville'

2018-10-31 14:45:52 - [MESSAGE][PASSED] - Text 'PARIS' is set on object 'Object Repository/Page_Lafleur 20111/input_ville_ville'

2018-10-31 14:45:52 - [TEST_STEP][PASSED] - click: Object: 'Object Repository/Page_Lafleur 20111/input_mail_valider' is clicked on

2018-10-31 14:45:52 - [MESSAGE][PASSED] - Object: 'Object Repository/Page_Lafleur 20111/input_mail_valider' is clicked on

2018-10-31 14:45:52 - [TEST_STEP][PASSED] - verifyElementVisible: Object 'Object Repository/Commande/Page_Lafleur 20111/li_Il faut saisir le champ mai' is visible

2018-10-31 14:45:52 - [MESSAGE][PASSED] - Object 'Object Repository/Commande/Page_Lafleur 20111/li_Il faut saisir le champ mai' is visible

2018-10-31 14:45:52 - [TEST_STEP][PASSED] - setText: Text 'roberjean@gmail.com' is set on object 'Object Repository/Commande/Page_Lafleur 20111/input_mail_mail'

2018-10-31 14:45:52 - [MESSAGE][PASSED] - Text 'roberjean@gmail.com' is set on object 'Object Repository/Commande/Page_Lafleur 20111/input_mail_mail'

2018-10-31 14:45:52 - [TEST_STEP][PASSED] - click: Object: 'Object Repository/Commande/Page_Lafleur 20111/input_mail_valider' is clicked on

2018-10-31 14:45:52 - [MESSAGE][PASSED] - Object: 'Object Repository/Commande/Page_Lafleur 20111/input_mail_valider' is clicked on

2018-10-31 14:45:52 - [TEST_STEP][PASSED] - verifyElementPresent: Object 'Object Repository/Commande/Page_Lafleur 20111/li_Commande enregistre' is present

2018-10-31 14:45:52 - [MESSAGE][WARNING] - Timeout '0' is invalid. Using default page load timeout: '30'

2018-10-31 14:45:52 - [MESSAGE][PASSED] - Object 'Object Repository/Commande/Page_Lafleur 20111/li_Commande enregistre' is present]]></system-out>
         <system-err><![CDATA[]]></system-err>
      </testcase>
      <system-out><![CDATA[2018-10-31 14:45:44 - [TEST_SUITE][PASSED] - laFleurTestSuite: Test Cases/TestPageAccueil]]></system-out>
      <system-err><![CDATA[]]></system-err>
   </testsuite>
</testsuites>
